umeng_android_social_sdk_6.1.1_custom/social_sdk_example_as/app/build/outputs/logs/manifest-merger-debug-report.txt
-- Merging decision tree log ---
manifest
ADDED from src\main\AndroidManifest.xml:1:1-271:12
	package
		ADDED from src\main\AndroidManifest.xml:3:5-34
		INJECTED from src\main\AndroidManifest.xml
		INJECTED from src\main\AndroidManifest.xml
	android:versionName
		ADDED from src\main\AndroidManifest.xml:6:5-32
		INJECTED from src\main\AndroidManifest.xml
		INJECTED from src\main\AndroidManifest.xml
	xmlns:tools
		ADDED from src\main\AndroidManifest.xml:2:5-51
	android:versionCode
		ADDED from src\main\AndroidManifest.xml:5:5-28
		INJECTED from src\main\AndroidManifest.xml
		INJECTED from src\main\AndroidManifest.xml
	xmlns:android
		ADDED from src\main\AndroidManifest.xml:1:11-69
application
ADDED from src\main\AndroidManifest.xml:9:5-244:19
	android:label
		ADDED from src\main\AndroidManifest.xml:9:45-77
	android:allowBackup
		ADDED from src\main\AndroidManifest.xml:9:18-44
	android:icon
		ADDED from src\main\AndroidManifest.xml:10:9-56
	android:name
		ADDED from src\main\AndroidManifest.xml:11:9-28
activity#com.umeng.soexample.HomeActivity
ADDED from src\main\AndroidManifest.xml:13:9-24:20
	android:screenOrientation
		ADDED from src\main\AndroidManifest.xml:17:13-49
	android:label
		ADDED from src\main\AndroidManifest.xml:16:13-45
	android:configChanges
		ADDED from src\main\AndroidManifest.xml:15:13-57
	android:theme
		ADDED from src\main\AndroidManifest.xml:18:13-66
	android:name
		ADDED from src\main\AndroidManifest.xml:14:13-41
intent-filter#android.intent.action.MAIN+android.intent.category.LAUNCHER
ADDED from src\main\AndroidManifest.xml:19:13-23:29
action#android.intent.action.MAIN
ADDED from src\main\AndroidManifest.xml:20:17-69
	android:name
		ADDED from src\main\AndroidManifest.xml:20:25-66
category#android.intent.category.LAUNCHER
ADDED from src\main\AndroidManifest.xml:22:17-77
	android:name
		ADDED from src\main\AndroidManifest.xml:22:27-74
activity#com.umeng.soexample.ShareActivity
ADDED from src\main\AndroidManifest.xml:25:9-32:20
	android:screenOrientation
		ADDED from src\main\AndroidManifest.xml:29:13-49
	android:label
		ADDED from src\main\AndroidManifest.xml:28:13-45
	android:configChanges
		ADDED from src\main\AndroidManifest.xml:27:13-57
	android:theme
		ADDED from src\main\AndroidManifest.xml:30:13-66
	android:name
		ADDED from src\main\AndroidManifest.xml:26:13-42
activity#com.umeng.soexample.AuthActivity
ADDED from src\main\AndroidManifest.xml:33:9-40:20
	android:screenOrientation
		ADDED from src\main\AndroidManifest.xml:37:13-49
	android:label
		ADDED from src\main\AndroidManifest.xml:36:13-45
	android:configChanges
		ADDED from src\main\AndroidManifest.xml:35:13-57
	android:theme
		ADDED from src\main\AndroidManifest.xml:38:13-66
	android:name
		ADDED from src\main\AndroidManifest.xml:34:13-41
activity#com.umeng.soexample.GetInfoActivity
ADDED from src\main\AndroidManifest.xml:41:9-48:20
	android:screenOrientation
		ADDED from src\main\AndroidManifest.xml:45:13-49
	android:label
		ADDED from src\main\AndroidManifest.xml:44:13-45
	android:configChanges
		ADDED from src\main\AndroidManifest.xml:43:13-57
	android:theme
		ADDED from src\main\AndroidManifest.xml:46:13-66
	android:name
		ADDED from src\main\AndroidManifest.xml:42:13-44
activity#com.umeng.soexample.CheckActivity
ADDED from src\main\AndroidManifest.xml:49:9-56:20
	android:screenOrientation
		ADDED from src\main\AndroidManifest.xml:53:13-49
	android:label
		ADDED from src\main\AndroidManifest.xml:52:13-45
	android:configChanges
		ADDED from src\main\AndroidManifest.xml:51:13-57
	android:theme
		ADDED from src\main\AndroidManifest.xml:54:13-66
	android:name
		ADDED from src\main\AndroidManifest.xml:50:13-42
activity#com.umeng.soexample.ShareMenuActivity
ADDED from src\main\AndroidManifest.xml:57:9-64:20
	android:screenOrientation
		ADDED from src\main\AndroidManifest.xml:61:13-49
	android:label
		ADDED from src\main\AndroidManifest.xml:60:13-45
	android:configChanges
		ADDED from src\main\AndroidManifest.xml:59:13-57
	android:theme
		ADDED from src\main\AndroidManifest.xml:62:13-66
	android:name
		ADDED from src\main\AndroidManifest.xml:58:13-46
activity#com.umeng.soexample.InfoDetailActivity
ADDED from src\main\AndroidManifest.xml:65:9-71:20
	android:screenOrientation
		ADDED from src\main\AndroidManifest.xml:69:13-49
	android:label
		ADDED from src\main\AndroidManifest.xml:68:13-45
	android:configChanges
		ADDED from src\main\AndroidManifest.xml:67:13-57
	android:theme
		ADDED from src\main\AndroidManifest.xml:70:13-66
	android:name
		ADDED from src\main\AndroidManifest.xml:66:13-47
activity#com.umeng.soexample.ShareDetailActivity
ADDED from src\main\AndroidManifest.xml:72:9-79:20
	android:screenOrientation
		ADDED from src\main\AndroidManifest.xml:76:13-49
	android:label
		ADDED from src\main\AndroidManifest.xml:75:13-45
	android:configChanges
		ADDED from src\main\AndroidManifest.xml:74:13-57
	android:theme
		ADDED from src\main\AndroidManifest.xml:77:13-66
	android:name
		ADDED from src\main\AndroidManifest.xml:73:13-48
activity#com.umeng.soexample.WBShareActivity
ADDED from src\main\AndroidManifest.xml:83:9-91:20
	android:screenOrientation
		ADDED from src\main\AndroidManifest.xml:86:13-49
	android:configChanges
		ADDED from src\main\AndroidManifest.xml:85:13-63
	android:name
		ADDED from src\main\AndroidManifest.xml:84:13-44
intent-filter#android.intent.category.DEFAULT+com.sina.weibo.sdk.action.ACTION_SDK_REQ_ACTIVITY
ADDED from src\main\AndroidManifest.xml:87:13-90:29
action#com.sina.weibo.sdk.action.ACTION_SDK_REQ_ACTIVITY
ADDED from src\main\AndroidManifest.xml:88:17-92
	android:name
		ADDED from src\main\AndroidManifest.xml:88:25-89
category#android.intent.category.DEFAULT
ADDED from src\main\AndroidManifest.xml:89:17-76
	android:name
		ADDED from src\main\AndroidManifest.xml:89:27-73
activity#com.sina.weibo.sdk.component.WeiboSdkBrowser
ADDED from src\main\AndroidManifest.xml:93:9-98:20
	android:exported
		ADDED from src\main\AndroidManifest.xml:97:13-37
	android:windowSoftInputMode
		ADDED from src\main\AndroidManifest.xml:96:13-55
	android:configChanges
		ADDED from src\main\AndroidManifest.xml:95:13-63
	android:name
		ADDED from src\main\AndroidManifest.xml:94:13-72
activity#com.umeng.soexample.yxapi.YXEntryActivity
ADDED from src\main\AndroidManifest.xml:100:9-105:75
	android:screenOrientation
		ADDED from src\main\AndroidManifest.xml:104:13-49
	android:exported
		ADDED from src\main\AndroidManifest.xml:103:13-36
	android:configChanges
		ADDED from src\main\AndroidManifest.xml:102:13-74
	android:theme
		ADDED from src\main\AndroidManifest.xml:105:13-72
	android:name
		ADDED from src\main\AndroidManifest.xml:101:13-50
activity#com.umeng.socialize.editorpage.ShareActivity
ADDED from src\main\AndroidManifest.xml:108:9-112:15
	android:excludeFromRecents
		ADDED from src\main\AndroidManifest.xml:111:13-46
	android:theme
		ADDED from src\main\AndroidManifest.xml:110:13-51
	android:name
		ADDED from src\main\AndroidManifest.xml:109:13-72
activity#com.umeng.soexample.wxapi.WXEntryActivity
ADDED from src\main\AndroidManifest.xml:114:9-119:75
	android:screenOrientation
		ADDED from src\main\AndroidManifest.xml:118:13-49
	android:exported
		ADDED from src\main\AndroidManifest.xml:117:13-36
	android:configChanges
		ADDED from src\main\AndroidManifest.xml:116:13-74
	android:theme
		ADDED from src\main\AndroidManifest.xml:119:13-72
	android:name
		ADDED from src\main\AndroidManifest.xml:115:13-50
activity#com.umeng.soexample.ddshare.DDShareActivity
ADDED from src\main\AndroidManifest.xml:121:9-127:75
	android:screenOrientation
		ADDED from src\main\AndroidManifest.xml:126:13-49
	android:launchMode
		ADDED from src\main\AndroidManifest.xml:125:13-48
	android:exported
		ADDED from src\main\AndroidManifest.xml:124:13-36
	android:configChanges
		ADDED from src\main\AndroidManifest.xml:123:13-74
	android:theme
		ADDED from src\main\AndroidManifest.xml:127:13-72
	android:name
		ADDED from src\main\AndroidManifest.xml:122:13-52
activity#com.umeng.soexample.apshare.ShareEntryActivity
ADDED from src\main\AndroidManifest.xml:129:9-134:75
	android:screenOrientation
		ADDED from src\main\AndroidManifest.xml:133:13-49
	android:exported
		ADDED from src\main\AndroidManifest.xml:132:13-36
	android:configChanges
		ADDED from src\main\AndroidManifest.xml:131:13-74
	android:theme
		ADDED from src\main\AndroidManifest.xml:134:13-72
	android:name
		ADDED from src\main\AndroidManifest.xml:130:13-55
activity#com.renn.rennsdk.oauth.OAuthActivity
ADDED from src\main\AndroidManifest.xml:137:9-139:77
	android:configChanges
		ADDED from src\main\AndroidManifest.xml:139:13-74
	android:name
		ADDED from src\main\AndroidManifest.xml:138:13-64
activity#jp.line.android.sdk.activity.LineAuthCompleteActivity
ADDED from src\main\AndroidManifest.xml:142:9-152:20
	android:screenOrientation
		ADDED from src\main\AndroidManifest.xml:145:13-47
	android:exported
		ADDED from src\main\AndroidManifest.xml:144:13-36
	android:configChanges
		ADDED from src\main\AndroidManifest.xml:143:13-57
	android:name
		ADDED from src\main\AndroidManifest.xml:142:19-87
intent-filter#android.intent.action.VIEW+android.intent.category.BROWSABLE+android.intent.category.DEFAULT
ADDED from src\main\AndroidManifest.xml:146:13-151:29
action#android.intent.action.VIEW
ADDED from src\main\AndroidManifest.xml:147:17-69
	android:name
		ADDED from src\main\AndroidManifest.xml:147:25-66
category#android.intent.category.BROWSABLE
ADDED from src\main\AndroidManifest.xml:149:17-78
	android:name
		ADDED from src\main\AndroidManifest.xml:149:27-75
data
ADDED from src\main\AndroidManifest.xml:150:17-58
	android:scheme
		ADDED from src\main\AndroidManifest.xml:150:23-55
activity#com.kakao.auth.authorization.authcode.KakaoWebViewActivity
ADDED from src\main\AndroidManifest.xml:153:9-94
	android:name
		ADDED from src\main\AndroidManifest.xml:153:19-92
activity#jp.line.android.sdk.activity.WebLoginActivity
ADDED from src\main\AndroidManifest.xml:155:9-159:20
	android:screenOrientation
		ADDED from src\main\AndroidManifest.xml:158:13-47
	android:exported
		ADDED from src\main\AndroidManifest.xml:156:13-37
	android:configChanges
		ADDED from src\main\AndroidManifest.xml:157:13-57
	android:name
		ADDED from src\main\AndroidManifest.xml:155:19-79
activity#com.umeng.qq.tencent.AuthActivity
ADDED from src\main\AndroidManifest.xml:161:9-173:20
	android:launchMode
		ADDED from src\main\AndroidManifest.xml:163:13-44
	android:noHistory
		ADDED from src\main\AndroidManifest.xml:164:13-37
	android:name
		ADDED from src\main\AndroidManifest.xml:162:13-61
activity#com.umeng.qq.tencent.AssistActivity
ADDED from src\main\AndroidManifest.xml:174:9-178:76
	android:screenOrientation
		ADDED from src\main\AndroidManifest.xml:176:13-49
	android:configChanges
		ADDED from src\main\AndroidManifest.xml:178:13-74
	android:theme
		ADDED from src\main\AndroidManifest.xml:177:13-72
	android:name
		ADDED from src\main\AndroidManifest.xml:175:13-63
uses-library#com.google.android.maps
ADDED from src\main\AndroidManifest.xml:197:9-199:40
	android:required
		ADDED from src\main\AndroidManifest.xml:199:13-37
	android:name
		ADDED from src\main\AndroidManifest.xml:198:13-51
uses-library#android.test.runner
ADDED from src\main\AndroidManifest.xml:200:9-60
	android:name
		ADDED from src\main\AndroidManifest.xml:200:23-57
activity#com.umeng.facebook.FacebookActivity
ADDED from src\main\AndroidManifest.xml:202:9-206:75
	android:label
		ADDED from src\main\AndroidManifest.xml:205:13-45
	android:configChanges
		ADDED from src\main\AndroidManifest.xml:204:13-96
	android:theme
		ADDED from src\main\AndroidManifest.xml:206:13-72
	android:name
		ADDED from src\main\AndroidManifest.xml:203:13-63
provider#com.umeng.facebook.FacebookContentProvider
ADDED from src\main\AndroidManifest.xml:208:9-211:39
	android:authorities
		ADDED from src\main\AndroidManifest.xml:210:13-91
	android:exported
		ADDED from src\main\AndroidManifest.xml:211:13-36
	android:name
		ADDED from src\main\AndroidManifest.xml:209:13-70
meta-data#com.facebook.sdk.ApplicationId
ADDED from src\main\AndroidManifest.xml:213:9-216:15
	android:value
		ADDED from src\main\AndroidManifest.xml:215:13-52
	android:name
		ADDED from src\main\AndroidManifest.xml:214:13-58
meta-data#jp.line.sdk.ChannelId
ADDED from src\main\AndroidManifest.xml:218:9-220:42
	android:value
		ADDED from src\main\AndroidManifest.xml:220:13-39
	android:name
		ADDED from src\main\AndroidManifest.xml:219:13-49
meta-data#jp.line.sdk.AuthScheme
ADDED from src\main\AndroidManifest.xml:221:9-223:47
	android:value
		ADDED from src\main\AndroidManifest.xml:223:13-44
	android:name
		ADDED from src\main\AndroidManifest.xml:222:13-50
activity#com.umeng.socialize.handler.TwitterWebActivity
ADDED from src\main\AndroidManifest.xml:225:9-230:48
	android:label
		ADDED from src\main\AndroidManifest.xml:230:13-45
	android:configChanges
		ADDED from src\main\AndroidManifest.xml:227:13-113
	android:theme
		ADDED from src\main\AndroidManifest.xml:229:13-72
	android:name
		ADDED from src\main\AndroidManifest.xml:226:13-74
meta-data#UMENG_APPKEY
ADDED from src\main\AndroidManifest.xml:233:9-236:21
	android:value
		ADDED from src\main\AndroidManifest.xml:235:13-53
	android:name
		ADDED from src\main\AndroidManifest.xml:234:13-40
meta-data#UMENG_CHANNEL
ADDED from src\main\AndroidManifest.xml:237:9-240:21
	android:value
		ADDED from src\main\AndroidManifest.xml:239:13-34
	android:name
		ADDED from src\main\AndroidManifest.xml:238:13-41
service#com.sina.weibo.sdk.net.DownloadService
ADDED from src\main\AndroidManifest.xml:241:9-242:48
	android:exported
		ADDED from src\main\AndroidManifest.xml:242:13-37
	android:name
		ADDED from src\main\AndroidManifest.xml:241:18-71
uses-sdk
ADDED from src\main\AndroidManifest.xml:246:5-250:11
	tools:overrideLibrary
		ADDED from src\main\AndroidManifest.xml:249:9-91
	android:targetSdkVersion
		ADDED from src\main\AndroidManifest.xml:248:9-38
		INJECTED from src\main\AndroidManifest.xml
		INJECTED from src\main\AndroidManifest.xml
	android:minSdkVersion
		ADDED from src\main\AndroidManifest.xml:247:9-34
		INJECTED from src\main\AndroidManifest.xml
		INJECTED from src\main\AndroidManifest.xml
uses-permission#android.permission.ACCESS_NETWORK_STATE
ADDED from src\main\AndroidManifest.xml:251:5-79
	android:name
		ADDED from src\main\AndroidManifest.xml:251:22-76
uses-permission#android.permission.ACCESS_WIFI_STATE
ADDED from src\main\AndroidManifest.xml:252:5-76
	android:name
		ADDED from src\main\AndroidManifest.xml:252:22-73
uses-permission#android.permission.READ_PHONE_STATE
ADDED from src\main\AndroidManifest.xml:253:5-75
	android:name
		ADDED from src\main\AndroidManifest.xml:253:22-72
uses-permission#android.permission.WRITE_EXTERNAL_STORAGE
ADDED from src\main\AndroidManifest.xml:254:5-80
	android:name
		ADDED from src\main\AndroidManifest.xml:254:22-78
uses-permission#android.permission.READ_EXTERNAL_STORAGE
ADDED from src\main\AndroidManifest.xml:255:5-79
	android:name
		ADDED from src\main\AndroidManifest.xml:255:22-77
uses-permission#android.permission.INTERNET
ADDED from src\main\AndroidManifest.xml:256:5-67
	android:name
		ADDED from src\main\AndroidManifest.xml:256:22-64
uses-permission#android.permission.READ_LOGS
ADDED from src\main\AndroidManifest.xml:257:5-68
	android:name
		ADDED from src\main\AndroidManifest.xml:257:22-65
uses-permission#android.permission.CALL_PHONE
ADDED from src\main\AndroidManifest.xml:258:5-69
	android:name
		ADDED from src\main\AndroidManifest.xml:258:22-66
uses-permission#android.permission.ACCESS_FINE_LOCATION
ADDED from src\main\AndroidManifest.xml:259:5-79
	android:name
		ADDED from src\main\AndroidManifest.xml:259:22-76
uses-permission#android.permission.ACCESS_COARSE_LOCATION
ADDED from src\main\AndroidManifest.xml:260:5-81
	android:name
		ADDED from src\main\AndroidManifest.xml:260:22-78
uses-permission#android.permission.GET_TASKS
ADDED from src\main\AndroidManifest.xml:265:5-68
	android:name
		ADDED from src\main\AndroidManifest.xml:265:22-65
uses-permission#android.permission.SET_DEBUG_APP
ADDED from src\main\AndroidManifest.xml:266:5-72
	android:name
		ADDED from src\main\AndroidManifest.xml:266:22-69
uses-permission#android.permission.SYSTEM_ALERT_WINDOW
ADDED from src\main\AndroidManifest.xml:267:5-78
	android:name
		ADDED from src\main\AndroidManifest.xml:267:22-75
uses-permission#android.permission.GET_ACCOUNTS
ADDED from src\main\AndroidManifest.xml:268:5-71
	android:name
		ADDED from src\main\AndroidManifest.xml:268:22-68
uses-permission#android.permission.USE_CREDENTIALS
ADDED from src\main\AndroidManifest.xml:269:5-74
	android:name
		ADDED from src\main\AndroidManifest.xml:269:22-71
uses-permission#android.permission.MANAGE_ACCOUNTS
ADDED from src\main\AndroidManifest.xml:270:5-74
	android:name
		ADDED from src\main\AndroidManifest.xml:270:22-71